Using pre-set license
Built from '2022.3/staging' branch; Version is '2022.3.6f1 (b9e6e7e9fa2d) revision 12183271'; Using compiler version '192829333'; Build Type 'Release'
OS: 'Windows 11  (10.0.22631) 64bit Professional' Language: 'en' Physical Memory: 65372 MB
BatchMode: 1, IsHumanControllingUs: 0, StartBugReporterOnCrash: 0, Is64bit: 1, IsPro: 1

COMMAND LINE ARGUMENTS:
C:\Program Files\Unity\Hub\Editor\2022.3.6f1\Editor\Unity.exe
-adb2
-batchMode
-noUpm
-name
AssetImportWorker4
-projectPath
D:/Source/VRC-Red-Panda-Floof
-logFile
Logs/AssetImportWorker4.log
-srvPort
61555
Successfully changed project path to: D:/Source/VRC-Red-Panda-Floof
D:/Source/VRC-Red-Panda-Floof
[UnityMemory] Configuration Parameters - Can be set up in boot.config
    "memorysetup-bucket-allocator-granularity=16"
    "memorysetup-bucket-allocator-bucket-count=8"
    "memorysetup-bucket-allocator-block-size=33554432"
    "memorysetup-bucket-allocator-block-count=8"
    "memorysetup-main-allocator-block-size=16777216"
    "memorysetup-thread-allocator-block-size=16777216"
    "memorysetup-gfx-main-allocator-block-size=16777216"
    "memorysetup-gfx-thread-allocator-block-size=16777216"
    "memorysetup-cache-allocator-block-size=4194304"
    "memorysetup-typetree-allocator-block-size=2097152"
    "memorysetup-profiler-bucket-allocator-granularity=16"
    "memorysetup-profiler-bucket-allocator-bucket-count=8"
    "memorysetup-profiler-bucket-allocator-block-size=33554432"
    "memorysetup-profiler-bucket-allocator-block-count=8"
    "memorysetup-profiler-allocator-block-size=16777216"
    "memorysetup-profiler-editor-allocator-block-size=1048576"
    "memorysetup-temp-allocator-size-main=16777216"
    "memorysetup-job-temp-allocator-block-size=2097152"
    "memorysetup-job-temp-allocator-block-size-background=1048576"
    "memorysetup-job-temp-allocator-reduction-small-platforms=262144"
    "memorysetup-allocator-temp-initial-block-size-main=262144"
    "memorysetup-allocator-temp-initial-block-size-worker=262144"
    "memorysetup-temp-allocator-size-background-worker=32768"
    "memorysetup-temp-allocator-size-job-worker=262144"
    "memorysetup-temp-allocator-size-preload-manager=33554432"
    "memorysetup-temp-allocator-size-nav-mesh-worker=65536"
    "memorysetup-temp-allocator-size-audio-worker=65536"
    "memorysetup-temp-allocator-size-cloud-worker=32768"
    "memorysetup-temp-allocator-size-gi-baking-worker=262144"
    "memorysetup-temp-allocator-size-gfx=262144"
Player connection [21544] Host "[IP] 192.168.1.138 [Port] 0 [Flags] 2 [Guid] 1420477416 [EditorId] 1420477416 [Version] 1048832 [Id] WindowsEditor(7,Lilithes-PC) [Debug] 1 [PackageName] WindowsEditor [ProjectName] Editor" joined multi-casting on [225.0.0.222:54997]...

Player connection [21544] Host "[IP] 192.168.1.138 [Port] 0 [Flags] 2 [Guid] 1420477416 [EditorId] 1420477416 [Version] 1048832 [Id] WindowsEditor(7,Lilithes-PC) [Debug] 1 [PackageName] WindowsEditor [ProjectName] Editor" joined alternative multi-casting on [225.0.0.222:34997]...

Refreshing native plugins compatible for Editor in 18.57 ms, found 6 plugins.
Preloading 2 native plugins for Editor in 1.13 ms.
Initialize engine version: 2022.3.6f1 (b9e6e7e9fa2d)
[Subsystems] Discovering subsystems at path C:/Program Files/Unity/Hub/Editor/2022.3.6f1/Editor/Data/Resources/UnitySubsystems
[Subsystems] Discovering subsystems at path D:/Source/VRC-Red-Panda-Floof/Assets
GfxDevice: creating device client; threaded=0; jobified=0
Direct3D:
    Version:  Direct3D 11.0 [level 11.1]
    Renderer: AMD Radeon RX 6900 XT (ID=0x73bf)
    Vendor:   ATI
    VRAM:     16338 MB
    Driver:   31.0.12027.9001
Initialize mono
Mono path[0] = 'C:/Program Files/Unity/Hub/Editor/2022.3.6f1/Editor/Data/Managed'
Mono path[1] = 'C:/Program Files/Unity/Hub/Editor/2022.3.6f1/Editor/Data/MonoBleedingEdge/lib/mono/unityjit-win32'
Mono config path = 'C:/Program Files/Unity/Hub/Editor/2022.3.6f1/Editor/Data/MonoBleedingEdge/etc'
Using monoOptions --debugger-agent=transport=dt_socket,embedding=1,server=y,suspend=n,address=127.0.0.1:56956
Begin MonoManager ReloadAssembly
Registering precompiled unity dll's ...
Register platform support module: C:/Program Files/Unity/Hub/Editor/2022.3.6f1/Editor/Data/PlaybackEngines/WindowsStandaloneSupport/UnityEditor.WindowsStandalone.Extensions.dll
Registered in 0.003550 seconds.
- Loaded All Assemblies, in  0.289 seconds
Native extension for WindowsStandalone target not found
Mono: successfully reloaded assembly
- Finished resetting the current domain, in  0.240 seconds
Domain Reload Profiling: 527ms
	BeginReloadAssembly (74ms)
		ExecutionOrderSort (0ms)
		DisableScriptedObjects (0ms)
		BackupInstance (0ms)
		ReleaseScriptingObjects (0ms)
		CreateAndSetChildDomain (1ms)
	RebuildCommonClasses (31ms)
	RebuildNativeTypeToScriptingClass (11ms)
	initialDomainReloadingComplete (50ms)
	LoadAllAssembliesAndSetupDomain (122ms)
		LoadAssemblies (72ms)
		RebuildTransferFunctionScriptingTraits (0ms)
		AnalyzeDomain (118ms)
			TypeCache.Refresh (117ms)
				TypeCache.ScanAssembly (109ms)
			ScanForSourceGeneratedMonoScriptInfo (0ms)
			ResolveRequiredComponents (1ms)
	FinalizeReload (240ms)
		ReleaseScriptCaches (0ms)
		RebuildScriptCaches (0ms)
		SetupLoadedEditorAssemblies (186ms)
			LogAssemblyErrors (0ms)
			InitializePlatformSupportModulesInManaged (8ms)
			SetLoadedEditorAssemblies (8ms)
			RefreshPlugins (0ms)
			BeforeProcessingInitializeOnLoad (2ms)
			ProcessInitializeOnLoadAttributes (127ms)
			ProcessInitializeOnLoadMethodAttributes (41ms)
			AfterProcessingInitializeOnLoad (0ms)
			EditorAssembliesLoaded (0ms)
		ExecutionOrderSort2 (0ms)
		AwakeInstancesAfterBackupRestoration (0ms)
========================================================================
Worker process is ready to serve import requests
Begin MonoManager ReloadAssembly
- Loaded All Assemblies, in  0.653 seconds
Refreshing native plugins compatible for Editor in 5.67 ms, found 6 plugins.
Native extension for WindowsStandalone target not found
Package Manager log level set to [2]
[Package Manager] Server::EnsureServerProcessIsRunning -- launch failed, reason: Unity was launched with the -noUpm command-line argument
[Package Manager] UpmClient::Send -- Unable to send message (not connected to UPM process).
[Package Manager] Cannot connect to Unity Package Manager local server
System.ArgumentNullException: Value cannot be null.
Parameter name: path
  at System.IO.Directory.CreateDirectory (System.String path) [0x00003] in <eef08f56e2e042f1b3027eca477293d9>:0 
  at VRC.SDKBase.Editor.VRCPackageSettings.EnsurePathExists () [0x0000b] in .\Packages\com.vrchat.base\Editor\VRCSDK\Dependencies\VRChat\VRCPackageSettings.cs:45 
  at VRC.SDKBase.Editor.VRCPackageSettings.Load () [0x00000] in .\Packages\com.vrchat.base\Editor\VRCSDK\Dependencies\VRChat\VRCPackageSettings.cs:50 
  at VRC.SDKBase.Editor.VRCPackageSettings.Create () [0x00005] in .\Packages\com.vrchat.base\Editor\VRCSDK\Dependencies\VRChat\VRCPackageSettings.cs:19 
  at VRC.SDKBase.Editor.SampleHintCreator..cctor () [0x00007] in .\Packages\com.vrchat.base\Editor\VRCSDK\SampleHintCreator.cs:18 
UnityEngine.StackTraceUtility:ExtractStackTrace ()
UnityEngine.DebugLogHandler:LogFormat (UnityEngine.LogType,UnityEngine.Object,string,object[])
UnityEngine.Logger:Log (UnityEngine.LogType,object)
UnityEngine.Debug:LogError (object)
UnityEditor.EditorAssemblies:ProcessInitializeOnLoadAttributes (System.Type[])

System.Reflection.TargetInvocationException: Exception has been thrown by the target of an invocation. ---> System.NullReferenceException: Object reference not set to an instance of an object
  at Unity.XR.Oculus.OculusLoader.AssetPathToAbsolutePath (System.String assetPath) [0x00040] in .\Library\PackageCache\com.unity.xr.oculus@4.0.0\Runtime\OculusLoader.cs:282 
  at Unity.XR.Oculus.OculusLoader.EditorLoadOVRPlugin () [0x0007b] in .\Library\PackageCache\com.unity.xr.oculus@4.0.0\Runtime\OculusLoader.cs:267 
  at (wrapper managed-to-native) System.Reflection.RuntimeMethodInfo.InternalInvoke(System.Reflection.RuntimeMethodInfo,object,object[],System.Exception&)
  at System.Reflection.RuntimeMethodInfo.Invoke (System.Object obj, System.Reflection.BindingFlags invokeAttr, System.Reflection.Binder binder, System.Object[] parameters, System.Globalization.CultureInfo culture) [0x0006a] in <eef08f56e2e042f1b3027eca477293d9>:0 
   --- End of inner exception stack trace ---
  at System.Reflection.RuntimeMethodInfo.Invoke (System.Object obj, System.Reflection.BindingFlags invokeAttr, System.Reflection.Binder binder, System.Object[] parameters, System.Globalization.CultureInfo culture) [0x00083] in <eef08f56e2e042f1b3027eca477293d9>:0 
  at System.Reflection.MethodBase.Invoke (System.Object obj, System.Object[] parameters) [0x00000] in <eef08f56e2e042f1b3027eca477293d9>:0 
  at UnityEditor.EditorAssemblies.ProcessInitializeOnLoadMethodAttributes () [0x000a5] in <347e3e2bef8c4deb82c9790c6e198135>:0 
UnityEngine.StackTraceUtility:ExtractStackTrace ()
UnityEngine.DebugLogHandler:LogFormat (UnityEngine.LogType,UnityEngine.Object,string,object[])
UnityEngine.Logger:Log (UnityEngine.LogType,object)
UnityEngine.Debug:LogError (object)
UnityEditor.EditorAssemblies:ProcessInitializeOnLoadMethodAttributes ()

Mono: successfully reloaded assembly
[Package Manager] Server::EnsureServerProcessIsRunning -- launch failed, reason: Unity was launched with the -noUpm command-line argument
[Package Manager] UpmClient::Send -- Unable to send message (not connected to UPM process).
[Package Manager] Cannot connect to Unity Package Manager local server
[Package Manager] Server::EnsureServerProcessIsRunning -- launch failed, reason: Unity was launched with the -noUpm command-line argument
[Package Manager] UpmClient::Send -- Unable to send message (not connected to UPM process).
[Package Manager] Cannot connect to Unity Package Manager local server
- Finished resetting the current domain, in  0.921 seconds
Domain Reload Profiling: 1574ms
	BeginReloadAssembly (105ms)
		ExecutionOrderSort (0ms)
		DisableScriptedObjects (5ms)
		BackupInstance (0ms)
		ReleaseScriptingObjects (0ms)
		CreateAndSetChildDomain (17ms)
	RebuildCommonClasses (31ms)
	RebuildNativeTypeToScriptingClass (8ms)
	initialDomainReloadingComplete (32ms)
	LoadAllAssembliesAndSetupDomain (477ms)
		LoadAssemblies (252ms)
		RebuildTransferFunctionScriptingTraits (0ms)
		AnalyzeDomain (276ms)
			TypeCache.Refresh (256ms)
				TypeCache.ScanAssembly (241ms)
			ScanForSourceGeneratedMonoScriptInfo (15ms)
			ResolveRequiredComponents (4ms)
	FinalizeReload (922ms)
		ReleaseScriptCaches (0ms)
		RebuildScriptCaches (0ms)
		SetupLoadedEditorAssemblies (788ms)
			LogAssemblyErrors (0ms)
			InitializePlatformSupportModulesInManaged (4ms)
			SetLoadedEditorAssemblies (4ms)
			RefreshPlugins (0ms)
			BeforeProcessingInitializeOnLoad (70ms)
			ProcessInitializeOnLoadAttributes (508ms)
			ProcessInitializeOnLoadMethodAttributes (196ms)
			AfterProcessingInitializeOnLoad (5ms)
			EditorAssembliesLoaded (0ms)
		ExecutionOrderSort2 (0ms)
		AwakeInstancesAfterBackupRestoration (6ms)
Launched and connected shader compiler UnityShaderCompiler.exe after 0.14 seconds
Refreshing native plugins compatible for Editor in 6.63 ms, found 6 plugins.
Preloading 2 native plugins for Editor in 0.06 ms.
Unloading 2466 Unused Serialized files (Serialized files now loaded: 0)
Unloading 86 unused Assets / (1.2 MB). Loaded Objects now: 2997.
Memory consumption went from 133.5 MB to 132.3 MB.
Total: 3.412900 ms (FindLiveObjects: 0.176200 ms CreateObjectMapping: 0.074300 ms MarkObjects: 2.624800 ms  DeleteObjects: 0.536700 ms)

AssetImportParameters requested are different than current active one (requested -> active):
  custom:video-decoder-webm-vp8: 9c59270c3fd7afecdb556c50c9e8de78 -> 
  custom:SearchIndexIgnoredProperties: e643bd26f0fe6173181afceb89e7c659 -> 
  custom:container-demuxer-ogg: 62fdf1f143b41e24485cea50d1cbac27 -> 
  custom:AudioImporter_EditorPlatform: d09bf68614088b80899f8185d706f6e7 -> 
  custom:video-codec-MediaFoundation-h265: 746d11721c4dcdbdad8f713fa42b33f4 -> 
  custom:video-decoder-ogg-theora: a1e56fd34408186e4bbccfd4996cb3dc -> 
  custom:framework-win-MediaFoundation: 216162199b28c13a410421893ffa2e32 -> 
  custom:video-encoder-webm-vp8: eb34c28f22e8b96e1ab97ce403110664 -> 
  custom:audio-decoder-ogg-vorbis: bf7c407c2cedff20999df2af8eb42d56 -> 
  custom:CustomObjectIndexerAttribute: 756ad292c208cfabdd7b50bc23989ffe -> 
  custom:container-demuxer-webm: 4f35f7cbe854078d1ac9338744f61a02 -> 
  custom:audio-encoder-webm-vorbis: bf7c407c2cedff20999df2af8eb42d56 -> 
  custom:container-muxer-webm: aa71ff27fc2769a1b78a27578f13a17b -> 
========================================================================
Received Import Request.
  Time since last request: 324114.981527 seconds.
  path: Assets/Models/Red Panda Floof/Textures/Color2TextureForFurShaders.png
  artifactKey: Guid(ae3b7d2858fbf504cbf5ecaf41fae804) Importer(815301076,1909f56bfc062723c751e8b465ee728b)
Start importing Assets/Models/Red Panda Floof/Textures/Color2TextureForFurShaders.png using Guid(ae3b7d2858fbf504cbf5ecaf41fae804) Importer(815301076,1909f56bfc062723c751e8b465ee728b)  -> (artifact id: '149d48e164a8bbfa2ef1baa547a80a77') in 0.069997 seconds
Number of updated asset objects reloaded before import = 0
Number of asset objects unloaded after import = 2
========================================================================
Received Import Request.
  Time since last request: 1.605074 seconds.
  path: Assets/_PoiyomiShaders/Textures/Fur/FurHeightMap.gif
  artifactKey: Guid(4936f95df08752e46940d871d9288f05) Importer(815301076,1909f56bfc062723c751e8b465ee728b)
Start importing Assets/_PoiyomiShaders/Textures/Fur/FurHeightMap.gif using Guid(4936f95df08752e46940d871d9288f05) Importer(815301076,1909f56bfc062723c751e8b465ee728b)  -> (artifact id: '7967eda5c68bc605c1055aaaa4364fc9') in 0.019850 seconds
Number of updated asset objects reloaded before import = 0
Number of asset objects unloaded after import = 2
========================================================================
Received Import Request.
  Time since last request: 2.144122 seconds.
  path: Assets/_PoiyomiShaders/Textures/Fur/FurHeightMap.gif
  artifactKey: Guid(4936f95df08752e46940d871d9288f05) Importer(815301076,1909f56bfc062723c751e8b465ee728b)
Start importing Assets/_PoiyomiShaders/Textures/Fur/FurHeightMap.gif using Guid(4936f95df08752e46940d871d9288f05) Importer(815301076,1909f56bfc062723c751e8b465ee728b)  -> (artifact id: 'bbc344f225e248582b4cb2d5de620d0b') in 0.022362 seconds
Number of updated asset objects reloaded before import = 0
Number of asset objects unloaded after import = 2
========================================================================
Received Import Request.
  Time since last request: 118.307165 seconds.
  path: Assets/RedPanda/Textures/Color3CustomTexture.png
  artifactKey: Guid(677c2b4953d35194785e06324a34007e) Importer(815301076,1909f56bfc062723c751e8b465ee728b)
Start importing Assets/RedPanda/Textures/Color3CustomTexture.png using Guid(677c2b4953d35194785e06324a34007e) Importer(815301076,1909f56bfc062723c751e8b465ee728b)  -> (artifact id: '45b57e092023735a03302397a8c734ba') in 0.020532 seconds
Number of updated asset objects reloaded before import = 0
Number of asset objects unloaded after import = 2
========================================================================
Received Import Request.
  Time since last request: 0.281311 seconds.
  path: Assets/RedPanda/Textures/Details Base Color.png
  artifactKey: Guid(ed16072fdabcb7c4286c2d8076f33f0d) Importer(815301076,1909f56bfc062723c751e8b465ee728b)
Start importing Assets/RedPanda/Textures/Details Base Color.png using Guid(ed16072fdabcb7c4286c2d8076f33f0d) Importer(815301076,1909f56bfc062723c751e8b465ee728b)  -> (artifact id: '624fefdf6b762755134107f747759dac') in 0.025290 seconds
Number of updated asset objects reloaded before import = 0
Number of asset objects unloaded after import = 2
========================================================================
Received Import Request.
  Time since last request: 0.000027 seconds.
  path: Assets/RedPanda/Textures/Color4CustomTexture.png
  artifactKey: Guid(08bdd26ee6a063244b18ab70799c47d2) Importer(815301076,1909f56bfc062723c751e8b465ee728b)
Start importing Assets/RedPanda/Textures/Color4CustomTexture.png using Guid(08bdd26ee6a063244b18ab70799c47d2) Importer(815301076,1909f56bfc062723c751e8b465ee728b)  -> (artifact id: '0ad341144a0bca0ad77ba99207660456') in 0.010377 seconds
Number of updated asset objects reloaded before import = 0
Number of asset objects unloaded after import = 2
========================================================================
Received Import Request.
  Time since last request: 4.781612 seconds.
  path: Assets/RedPanda/RedPandaAnimations/VRCExpressionParameters.asset
  artifactKey: Guid(b7739db83adf8544489b34d5e171b166) Importer(815301076,1909f56bfc062723c751e8b465ee728b)
Start importing Assets/RedPanda/RedPandaAnimations/VRCExpressionParameters.asset using Guid(b7739db83adf8544489b34d5e171b166) Importer(815301076,1909f56bfc062723c751e8b465ee728b)  -> (artifact id: 'aabaf8df4519e4cf5983a559086dc77e') in 0.001940 seconds
Number of updated asset objects reloaded before import = 0
Number of asset objects unloaded after import = 1
========================================================================
Received Import Request.
  Time since last request: 0.002322 seconds.
  path: Assets/RedPanda/RedPandaAnimations/VRCExpressionsMenu.asset
  artifactKey: Guid(4d5af4b6f724e0d4abf4e06aac578847) Importer(815301076,1909f56bfc062723c751e8b465ee728b)
Start importing Assets/RedPanda/RedPandaAnimations/VRCExpressionsMenu.asset using Guid(4d5af4b6f724e0d4abf4e06aac578847) Importer(815301076,1909f56bfc062723c751e8b465ee728b)  -> (artifact id: '133a816d7ccb346a6e9bd5a65b807802') in 0.007646 seconds
Number of updated asset objects reloaded before import = 0
Number of asset objects unloaded after import = 2
========================================================================
Received Import Request.
  Time since last request: 16.745659 seconds.
  path: Assets/RedPanda
  artifactKey: Guid(1af853b59f655ff4f964ff1027317cc2) Importer(815301076,1909f56bfc062723c751e8b465ee728b)
Start importing Assets/RedPanda using Guid(1af853b59f655ff4f964ff1027317cc2) Importer(815301076,1909f56bfc062723c751e8b465ee728b)  -> (artifact id: 'e9dcd800d0c7fb62ddf9a521564367e6') in 0.000410 seconds
Number of updated asset objects reloaded before import = 0
Number of asset objects unloaded after import = 0
========================================================================
Received Import Request.
  Time since last request: 7.722958 seconds.
  path: Assets/RedPanda/Textures
  artifactKey: Guid(cf65fa294fbf8464889f6a482b5cf3ba) Importer(815301076,1909f56bfc062723c751e8b465ee728b)
Start importing Assets/RedPanda/Textures using Guid(cf65fa294fbf8464889f6a482b5cf3ba) Importer(815301076,1909f56bfc062723c751e8b465ee728b)  -> (artifact id: 'd8e2510a3235b3d552d15eed811f7c78') in 0.000411 seconds
Number of updated asset objects reloaded before import = 0
Number of asset objects unloaded after import = 0
========================================================================
Received Import Request.
  Time since last request: 58.950115 seconds.
  path: Assets/RedPanda/RedPandaAnimations
  artifactKey: Guid(15ee59029db20744bafb8c99b0270d12) Importer(815301076,1909f56bfc062723c751e8b465ee728b)
Start importing Assets/RedPanda/RedPandaAnimations using Guid(15ee59029db20744bafb8c99b0270d12) Importer(815301076,1909f56bfc062723c751e8b465ee728b)  -> (artifact id: '12856c059d9a88035a0efe5689570215') in 0.000824 seconds
Number of updated asset objects reloaded before import = 0
Number of asset objects unloaded after import = 0
========================================================================
Received Import Request.
  Time since last request: 7.284531 seconds.
  path: Assets/RedPanda/Blender
  artifactKey: Guid(339f4122ade41594386b8702867e3ca3) Importer(815301076,1909f56bfc062723c751e8b465ee728b)
Start importing Assets/RedPanda/Blender using Guid(339f4122ade41594386b8702867e3ca3) Importer(815301076,1909f56bfc062723c751e8b465ee728b)  -> (artifact id: 'd573f7f73a4043e09c2270acffe2206c') in 0.000373 seconds
Number of updated asset objects reloaded before import = 0
Number of asset objects unloaded after import = 0
========================================================================
Received Import Request.
  Time since last request: 110.978329 seconds.
  path: Assets/RedPanda/Blender/RedPanda.blend
  artifactKey: Guid(870746f76aabd0a4990fc747d7badc6c) Importer(815301076,1909f56bfc062723c751e8b465ee728b)
Start importing Assets/RedPanda/Blender/RedPanda.blend using Guid(870746f76aabd0a4990fc747d7badc6c) Importer(815301076,1909f56bfc062723c751e8b465ee728b)  -> (artifact id: 'ce1af4412559a80de6b57629e34d74f9') in 0.186317 seconds
Number of updated asset objects reloaded before import = 0
Number of asset objects unloaded after import = 216
========================================================================
Received Import Request.
  Time since last request: 4.652547 seconds.
  path: Assets/Models/Red Panda Floof
  artifactKey: Guid(0578699c8ebf15f4a9fb2229dbc11269) Importer(815301076,1909f56bfc062723c751e8b465ee728b)
Start importing Assets/Models/Red Panda Floof using Guid(0578699c8ebf15f4a9fb2229dbc11269) Importer(815301076,1909f56bfc062723c751e8b465ee728b)  -> (artifact id: '917d0ec2d3e1d822c635089f9def1b31') in 0.000452 seconds
Number of updated asset objects reloaded before import = 0
Number of asset objects unloaded after import = 0
========================================================================
Received Import Request.
  Time since last request: 0.065415 seconds.
  path: Assets/Models/Red Panda Floof/RedPandaBigTail.fbx
  artifactKey: Guid(4bf6e21b9eb2bbd4b890a9c46f021e3a) Importer(815301076,1909f56bfc062723c751e8b465ee728b)
Start importing Assets/Models/Red Panda Floof/RedPandaBigTail.fbx using Guid(4bf6e21b9eb2bbd4b890a9c46f021e3a) Importer(815301076,1909f56bfc062723c751e8b465ee728b)  -> (artifact id: 'f79c812ea5e1d3e2b76be5cd2333ac40') in 0.631572 seconds
Number of updated asset objects reloaded before import = 0
Number of asset objects unloaded after import = 226
========================================================================
Received Import Request.
  Time since last request: 0.438297 seconds.
  path: Assets/Models/Red Panda Floof/Blender
  artifactKey: Guid(4f7393a5427cf8b479fdf81bed3646da) Importer(815301076,1909f56bfc062723c751e8b465ee728b)
Start importing Assets/Models/Red Panda Floof/Blender using Guid(4f7393a5427cf8b479fdf81bed3646da) Importer(815301076,1909f56bfc062723c751e8b465ee728b)  -> (artifact id: 'f25993514285bbdc0bf91353643becb1') in 0.000756 seconds
Number of updated asset objects reloaded before import = 0
Number of asset objects unloaded after import = 0
========================================================================
Received Import Request.
  Time since last request: 0.089868 seconds.
  path: Assets/Models/Red Panda Floof/Blender/RedPandaBigTail.blend
  artifactKey: Guid(bd0c035143d4f674d9dcf6bc1c7dedbd) Importer(815301076,1909f56bfc062723c751e8b465ee728b)
Start importing Assets/Models/Red Panda Floof/Blender/RedPandaBigTail.blend using Guid(bd0c035143d4f674d9dcf6bc1c7dedbd) Importer(815301076,1909f56bfc062723c751e8b465ee728b)  -> (artifact id: '7252d1739b7b001d9cdb39159974caaa') in 0.075287 seconds
Number of updated asset objects reloaded before import = 0
Number of asset objects unloaded after import = 190
========================================================================
Received Import Request.
  Time since last request: 461.911668 seconds.
  path: Assets/Models/Red Panda Floof/Blender/RedPandaBigTail.blend
  artifactKey: Guid(bd0c035143d4f674d9dcf6bc1c7dedbd) Importer(815301076,1909f56bfc062723c751e8b465ee728b)
Start importing Assets/Models/Red Panda Floof/Blender/RedPandaBigTail.blend using Guid(bd0c035143d4f674d9dcf6bc1c7dedbd) Importer(815301076,1909f56bfc062723c751e8b465ee728b)  -> (artifact id: '324ed5ad87592df8b6dcff38596e2719') in 0.093301 seconds
Number of updated asset objects reloaded before import = 0
Number of asset objects unloaded after import = 190
