Using pre-set license
Built from '2022.3/staging' branch; Version is '2022.3.22f1 (887be4894c44) revision 8944612'; Using compiler version '192829333'; Build Type 'Release'
OS: 'Windows 11  (10.0.26100) 64bit Enterprise' Language: 'en' Physical Memory: 48988 MB
BatchMode: 1, IsHumanControllingUs: 0, StartBugReporterOnCrash: 0, Is64bit: 1, IsPro: 1

COMMAND LINE ARGUMENTS:
C:\Program Files\Unity 2022.3.22f1\Editor\Unity.exe
-adb2
-batchMode
-noUpm
-name
AssetImportWorker2
-projectPath
C:/source/VRC-Red-Panda-Floof
-logFile
Logs/AssetImportWorker2.log
-srvPort
50617
Successfully changed project path to: C:/source/VRC-Red-Panda-Floof
C:/source/VRC-Red-Panda-Floof
[UnityMemory] Configuration Parameters - Can be set up in boot.config
    "memorysetup-bucket-allocator-granularity=16"
    "memorysetup-bucket-allocator-bucket-count=8"
    "memorysetup-bucket-allocator-block-size=33554432"
    "memorysetup-bucket-allocator-block-count=8"
    "memorysetup-main-allocator-block-size=16777216"
    "memorysetup-thread-allocator-block-size=16777216"
    "memorysetup-gfx-main-allocator-block-size=16777216"
    "memorysetup-gfx-thread-allocator-block-size=16777216"
    "memorysetup-cache-allocator-block-size=4194304"
    "memorysetup-typetree-allocator-block-size=2097152"
    "memorysetup-profiler-bucket-allocator-granularity=16"
    "memorysetup-profiler-bucket-allocator-bucket-count=8"
    "memorysetup-profiler-bucket-allocator-block-size=33554432"
    "memorysetup-profiler-bucket-allocator-block-count=8"
    "memorysetup-profiler-allocator-block-size=16777216"
    "memorysetup-profiler-editor-allocator-block-size=1048576"
    "memorysetup-temp-allocator-size-main=16777216"
    "memorysetup-job-temp-allocator-block-size=2097152"
    "memorysetup-job-temp-allocator-block-size-background=1048576"
    "memorysetup-job-temp-allocator-reduction-small-platforms=262144"
    "memorysetup-allocator-temp-initial-block-size-main=262144"
    "memorysetup-allocator-temp-initial-block-size-worker=262144"
    "memorysetup-temp-allocator-size-background-worker=32768"
    "memorysetup-temp-allocator-size-job-worker=262144"
    "memorysetup-temp-allocator-size-preload-manager=33554432"
    "memorysetup-temp-allocator-size-nav-mesh-worker=65536"
    "memorysetup-temp-allocator-size-audio-worker=65536"
    "memorysetup-temp-allocator-size-cloud-worker=32768"
    "memorysetup-temp-allocator-size-gi-baking-worker=262144"
    "memorysetup-temp-allocator-size-gfx=262144"
Player connection [53424] Host "[IP] 192.168.69.138 [Port] 0 [Flags] 2 [Guid] 850000909 [EditorId] 850000909 [Version] 1048832 [Id] WindowsEditor(7,Lilithe-PC) [Debug] 1 [PackageName] WindowsEditor [ProjectName] Editor" joined multi-casting on [225.0.0.222:54997]...

Player connection [53424] Host "[IP] 192.168.69.138 [Port] 0 [Flags] 2 [Guid] 850000909 [EditorId] 850000909 [Version] 1048832 [Id] WindowsEditor(7,Lilithe-PC) [Debug] 1 [PackageName] WindowsEditor [ProjectName] Editor" joined alternative multi-casting on [225.0.0.222:34997]...

[Physics::Module] Initialized MultithreadedJobDispatcher with 15 workers.
Refreshing native plugins compatible for Editor in 27.80 ms, found 6 plugins.
Preloading 2 native plugins for Editor in 1.19 ms.
Initialize engine version: 2022.3.22f1 (887be4894c44)
[Subsystems] Discovering subsystems at path C:/Program Files/Unity 2022.3.22f1/Editor/Data/Resources/UnitySubsystems
[Subsystems] Discovering subsystems at path C:/source/VRC-Red-Panda-Floof/Assets
GfxDevice: creating device client; threaded=0; jobified=0
Direct3D:
    Version:  Direct3D 11.0 [level 11.1]
    Renderer: AMD Radeon RX 6900 XT (ID=0x73bf)
    Vendor:   ATI
    VRAM:     16338 MB
    Driver:   32.0.21030.2001
Initialize mono
Mono path[0] = 'C:/Program Files/Unity 2022.3.22f1/Editor/Data/Managed'
Mono path[1] = 'C:/Program Files/Unity 2022.3.22f1/Editor/Data/MonoBleedingEdge/lib/mono/unityjit-win32'
Mono config path = 'C:/Program Files/Unity 2022.3.22f1/Editor/Data/MonoBleedingEdge/etc'
Using monoOptions --debugger-agent=transport=dt_socket,embedding=1,server=y,suspend=n,address=127.0.0.1:56476
Begin MonoManager ReloadAssembly
Registering precompiled unity dll's ...
Register platform support module: C:/Program Files/Unity 2022.3.22f1/Editor/Data/PlaybackEngines/AndroidPlayer/UnityEditor.Android.Extensions.dll
Register platform support module: C:/Program Files/Unity 2022.3.22f1/Editor/Data/PlaybackEngines/iOSSupport/UnityEditor.iOS.Extensions.dll
Register platform support module: C:/Program Files/Unity 2022.3.22f1/Editor/Data/PlaybackEngines/WindowsStandaloneSupport/UnityEditor.WindowsStandalone.Extensions.dll
Registered in 0.006536 seconds.
- Loaded All Assemblies, in  0.297 seconds
Native extension for WindowsStandalone target not found
Native extension for iOS target not found
Native extension for Android target not found
Mono: successfully reloaded assembly
- Finished resetting the current domain, in  0.289 seconds
Domain Reload Profiling: 585ms
	BeginReloadAssembly (84ms)
		ExecutionOrderSort (0ms)
		DisableScriptedObjects (0ms)
		BackupInstance (0ms)
		ReleaseScriptingObjects (0ms)
		CreateAndSetChildDomain (1ms)
	RebuildCommonClasses (28ms)
	RebuildNativeTypeToScriptingClass (8ms)
	initialDomainReloadingComplete (46ms)
	LoadAllAssembliesAndSetupDomain (129ms)
		LoadAssemblies (83ms)
		RebuildTransferFunctionScriptingTraits (0ms)
		AnalyzeDomain (127ms)
			TypeCache.Refresh (126ms)
				TypeCache.ScanAssembly (114ms)
			ScanForSourceGeneratedMonoScriptInfo (0ms)
			ResolveRequiredComponents (0ms)
	FinalizeReload (290ms)
		ReleaseScriptCaches (0ms)
		RebuildScriptCaches (0ms)
		SetupLoadedEditorAssemblies (239ms)
			LogAssemblyErrors (0ms)
			InitializePlatformSupportModulesInManaged (93ms)
			SetLoadedEditorAssemblies (4ms)
			RefreshPlugins (0ms)
			BeforeProcessingInitializeOnLoad (2ms)
			ProcessInitializeOnLoadAttributes (97ms)
			ProcessInitializeOnLoadMethodAttributes (44ms)
			AfterProcessingInitializeOnLoad (0ms)
			EditorAssembliesLoaded (0ms)
		ExecutionOrderSort2 (0ms)
		AwakeInstancesAfterBackupRestoration (0ms)
========================================================================
Worker process is ready to serve import requests
Begin MonoManager ReloadAssembly
- Loaded All Assemblies, in  6.075 seconds
Refreshing native plugins compatible for Editor in 12.36 ms, found 6 plugins.
Native extension for WindowsStandalone target not found
Native extension for iOS target not found
Native extension for Android target not found
Package Manager log level set to [2]
[Package Manager] Server::EnsureServerProcessIsRunning -- launch failed, reason: Unity was launched with the -noUpm command-line argument
[Package Manager] UpmClient::Send -- Unable to send message (not connected to UPM process).
[Package Manager] Cannot connect to Unity Package Manager local server
[Package Manager] Server::EnsureServerProcessIsRunning -- launch failed, reason: Unity was launched with the -noUpm command-line argument
[Package Manager] UpmClient::Send -- Unable to send message (not connected to UPM process).
[Package Manager] Cannot connect to Unity Package Manager local server
System.Reflection.TargetInvocationException: Exception has been thrown by the target of an invocation. ---> System.NullReferenceException: Object reference not set to an instance of an object
  at Unity.XR.Oculus.OculusLoader.AssetPathToAbsolutePath (System.String assetPath) [0x00040] in .\Library\PackageCache\com.unity.xr.oculus@4.2.0\Runtime\OculusLoader.cs:298 
  at Unity.XR.Oculus.OculusLoader.EditorLoadOVRPlugin () [0x0008c] in .\Library\PackageCache\com.unity.xr.oculus@4.2.0\Runtime\OculusLoader.cs:283 
  at (wrapper managed-to-native) System.Reflection.RuntimeMethodInfo.InternalInvoke(System.Reflection.RuntimeMethodInfo,object,object[],System.Exception&)
  at System.Reflection.RuntimeMethodInfo.Invoke (System.Object obj, System.Reflection.BindingFlags invokeAttr, System.Reflection.Binder binder, System.Object[] parameters, System.Globalization.CultureInfo culture) [0x0006a] in <27124aa0e30a41659b903b822b959bc7>:0 
   --- End of inner exception stack trace ---
  at System.Reflection.RuntimeMethodInfo.Invoke (System.Object obj, System.Reflection.BindingFlags invokeAttr, System.Reflection.Binder binder, System.Object[] parameters, System.Globalization.CultureInfo culture) [0x00083] in <27124aa0e30a41659b903b822b959bc7>:0 
  at System.Reflection.MethodBase.Invoke (System.Object obj, System.Object[] parameters) [0x00000] in <27124aa0e30a41659b903b822b959bc7>:0 
  at UnityEditor.EditorAssemblies.ProcessInitializeOnLoadMethodAttributes () [0x000a5] in <80a8ce1980c648dca8e68f0d8aa3b930>:0 
UnityEngine.StackTraceUtility:ExtractStackTrace ()
UnityEngine.DebugLogHandler:LogFormat (UnityEngine.LogType,UnityEngine.Object,string,object[])
UnityEngine.Logger:Log (UnityEngine.LogType,object)
UnityEngine.Debug:LogError (object)
UnityEditor.EditorAssemblies:ProcessInitializeOnLoadMethodAttributes ()

Mono: successfully reloaded assembly
[Package Manager] Server::EnsureServerProcessIsRunning -- launch failed, reason: Unity was launched with the -noUpm command-line argument
[Package Manager] UpmClient::Send -- Unable to send message (not connected to UPM process).
[Package Manager] Cannot connect to Unity Package Manager local server
[Package Manager] Server::EnsureServerProcessIsRunning -- launch failed, reason: Unity was launched with the -noUpm command-line argument
[Package Manager] UpmClient::Send -- Unable to send message (not connected to UPM process).
[Package Manager] Cannot connect to Unity Package Manager local server
- Finished resetting the current domain, in  1.343 seconds
Domain Reload Profiling: 7415ms
	BeginReloadAssembly (110ms)
		ExecutionOrderSort (0ms)
		DisableScriptedObjects (4ms)
		BackupInstance (0ms)
		ReleaseScriptingObjects (0ms)
		CreateAndSetChildDomain (17ms)
	RebuildCommonClasses (27ms)
	RebuildNativeTypeToScriptingClass (8ms)
	initialDomainReloadingComplete (31ms)
	LoadAllAssembliesAndSetupDomain (5895ms)
		LoadAssemblies (5770ms)
		RebuildTransferFunctionScriptingTraits (0ms)
		AnalyzeDomain (187ms)
			TypeCache.Refresh (166ms)
				TypeCache.ScanAssembly (148ms)
			ScanForSourceGeneratedMonoScriptInfo (15ms)
			ResolveRequiredComponents (4ms)
	FinalizeReload (1344ms)
		ReleaseScriptCaches (0ms)
		RebuildScriptCaches (0ms)
		SetupLoadedEditorAssemblies (1197ms)
			LogAssemblyErrors (0ms)
			InitializePlatformSupportModulesInManaged (29ms)
			SetLoadedEditorAssemblies (5ms)
			RefreshPlugins (0ms)
			BeforeProcessingInitializeOnLoad (164ms)
			ProcessInitializeOnLoadAttributes (686ms)
			ProcessInitializeOnLoadMethodAttributes (309ms)
			AfterProcessingInitializeOnLoad (5ms)
			EditorAssembliesLoaded (0ms)
		ExecutionOrderSort2 (0ms)
		AwakeInstancesAfterBackupRestoration (7ms)
Launched and connected shader compiler UnityShaderCompiler.exe after 0.04 seconds
Refreshing native plugins compatible for Editor in 12.79 ms, found 6 plugins.
Preloading 2 native plugins for Editor in 0.14 ms.
Unloading 2756 Unused Serialized files (Serialized files now loaded: 0)
Unloading 107 unused Assets / (1.3 MB). Loaded Objects now: 3296.
Memory consumption went from 180.5 MB to 179.2 MB.
Total: 3.718300 ms (FindLiveObjects: 0.206000 ms CreateObjectMapping: 0.090800 ms MarkObjects: 2.847700 ms  DeleteObjects: 0.572800 ms)

AssetImportParameters requested are different than current active one (requested -> active):
  custom:video-decoder-webm-vp8: 9c59270c3fd7afecdb556c50c9e8de78 -> 
  custom:SearchIndexIgnoredProperties: e643bd26f0fe6173181afceb89e7c659 -> 
  custom:container-demuxer-ogg: 62fdf1f143b41e24485cea50d1cbac27 -> 
  custom:AudioImporter_EditorPlatform: d09bf68614088b80899f8185d706f6e7 -> 
  custom:video-codec-MediaFoundation-h265: 746d11721c4dcdbdad8f713fa42b33f4 -> 
  custom:video-decoder-ogg-theora: a1e56fd34408186e4bbccfd4996cb3dc -> 
  custom:framework-win-MediaFoundation: 216162199b28c13a410421893ffa2e32 -> 
  custom:video-encoder-webm-vp8: eb34c28f22e8b96e1ab97ce403110664 -> 
  custom:audio-decoder-ogg-vorbis: bf7c407c2cedff20999df2af8eb42d56 -> 
  custom:CustomObjectIndexerAttribute: 9a22284fe3817be447336de3de66b15e -> 
  custom:container-demuxer-webm: 4f35f7cbe854078d1ac9338744f61a02 -> 
  custom:audio-encoder-webm-vorbis: bf7c407c2cedff20999df2af8eb42d56 -> 
  custom:container-muxer-webm: aa71ff27fc2769a1b78a27578f13a17b -> 
========================================================================
Received Import Request.
  Time since last request: 418067.171176 seconds.
  path: Assets/Models/Red Panda Floof/Materials/Color3.mat
  artifactKey: Guid(d55bbf37433d65045886a44a3b106914) Importer(815301076,1909f56bfc062723c751e8b465ee728b)
Start importing Assets/Models/Red Panda Floof/Materials/Color3.mat using Guid(d55bbf37433d65045886a44a3b106914) Importer(815301076,1909f56bfc062723c751e8b465ee728b)  -> (artifact id: '8b6dc2ecbff8d2a14da8af97f40bbf85') in 3.424900 seconds
Number of updated asset objects reloaded before import = 0
Number of asset objects unloaded after import = 5
========================================================================
Received Import Request.
  Time since last request: 0.000018 seconds.
  path: Assets/Models/Red Panda Floof/Materials/Details.mat
  artifactKey: Guid(344a89b6b4c5ca042812f377987a15f0) Importer(815301076,1909f56bfc062723c751e8b465ee728b)
Start importing Assets/Models/Red Panda Floof/Materials/Details.mat using Guid(344a89b6b4c5ca042812f377987a15f0) Importer(815301076,1909f56bfc062723c751e8b465ee728b)  -> (artifact id: 'f0f02a63e639c3f2291d48f1d6a129ed') in 0.032269 seconds
Number of updated asset objects reloaded before import = 0
Number of asset objects unloaded after import = 2
========================================================================
Received Import Request.
  Time since last request: 0.000026 seconds.
  path: Assets/Models/Red Panda Floof/Materials
  artifactKey: Guid(e846d6acbb082a74e8075b2dfe55b7fa) Importer(815301076,1909f56bfc062723c751e8b465ee728b)
Start importing Assets/Models/Red Panda Floof/Materials using Guid(e846d6acbb082a74e8075b2dfe55b7fa) Importer(815301076,1909f56bfc062723c751e8b465ee728b)  -> (artifact id: '26769886b4e0ab681f02f9b81e0abb08') in 0.000488 seconds
Number of updated asset objects reloaded before import = 0
Number of asset objects unloaded after import = 0
========================================================================
Received Import Request.
  Time since last request: 0.000101 seconds.
  path: Assets/Models/Red Panda Floof/RedPandaBigTail.fbx
  artifactKey: Guid(4bf6e21b9eb2bbd4b890a9c46f021e3a) Importer(815301076,1909f56bfc062723c751e8b465ee728b)
Start importing Assets/Models/Red Panda Floof/RedPandaBigTail.fbx using Guid(4bf6e21b9eb2bbd4b890a9c46f021e3a) Importer(815301076,1909f56bfc062723c751e8b465ee728b)  -> (artifact id: 'daabc0e0e0a4a9f219b1bdc5717875e1') in 0.260952 seconds
Number of updated asset objects reloaded before import = 0
Number of asset objects unloaded after import = 211
========================================================================
Received Import Request.
  Time since last request: 22.906353 seconds.
  path: Assets/Models/Red Panda Floof/Materials/Atlas_00002 1.mat
  artifactKey: Guid(171cacb9f37940745b7a324636fefa37) Importer(815301076,1909f56bfc062723c751e8b465ee728b)
Start importing Assets/Models/Red Panda Floof/Materials/Atlas_00002 1.mat using Guid(171cacb9f37940745b7a324636fefa37) Importer(815301076,1909f56bfc062723c751e8b465ee728b)  -> (artifact id: '31d4c07e03d43c69028d4360d2163eb0') in 0.049855 seconds
Number of updated asset objects reloaded before import = 0
Number of asset objects unloaded after import = 5
========================================================================
Received Import Request.
  Time since last request: 7.717704 seconds.
  path: Assets/Models/Red Panda Floof/Materials/Q_Atlas_00002 1.mat
  artifactKey: Guid(171cacb9f37940745b7a324636fefa37) Importer(815301076,1909f56bfc062723c751e8b465ee728b)
Start importing Assets/Models/Red Panda Floof/Materials/Q_Atlas_00002 1.mat using Guid(171cacb9f37940745b7a324636fefa37) Importer(815301076,1909f56bfc062723c751e8b465ee728b)  -> (artifact id: 'eb8fe6c85b002bc90784477e1177f9f5') in 0.039993 seconds
Number of updated asset objects reloaded before import = 0
Number of asset objects unloaded after import = 5
========================================================================
Received Import Request.
  Time since last request: 2.280348 seconds.
  path: Assets/Models/Red Panda Floof/Textures/Atlas/Desktop/Atlas_00002.png
  artifactKey: Guid(59a01cbc139f7aa4c8e583007ea24b94) Importer(815301076,1909f56bfc062723c751e8b465ee728b)
Start importing Assets/Models/Red Panda Floof/Textures/Atlas/Desktop/Atlas_00002.png using Guid(59a01cbc139f7aa4c8e583007ea24b94) Importer(815301076,1909f56bfc062723c751e8b465ee728b)  -> (artifact id: '424e3a2cf04891ffda13674734cb0e4d') in 0.039838 seconds
Number of updated asset objects reloaded before import = 0
Number of asset objects unloaded after import = 2
========================================================================
Received Import Request.
  Time since last request: 3.229826 seconds.
  path: Assets/Models/Red Panda Floof/Materials/Details 1.mat
  artifactKey: Guid(c6d4398ea4969e642bfb758b8539694c) Importer(815301076,1909f56bfc062723c751e8b465ee728b)
Start importing Assets/Models/Red Panda Floof/Materials/Details 1.mat using Guid(c6d4398ea4969e642bfb758b8539694c) Importer(815301076,1909f56bfc062723c751e8b465ee728b)  -> (artifact id: '9454b0f8d34ebbc542b5b44663cc0bf3') in 0.030087 seconds
Number of updated asset objects reloaded before import = 0
Number of asset objects unloaded after import = 2
========================================================================
Received Import Request.
  Time since last request: 8.085596 seconds.
  path: Assets/Models/Red Panda Floof/Materials/Q_Details 1.mat
  artifactKey: Guid(c6d4398ea4969e642bfb758b8539694c) Importer(815301076,1909f56bfc062723c751e8b465ee728b)
Start importing Assets/Models/Red Panda Floof/Materials/Q_Details 1.mat using Guid(c6d4398ea4969e642bfb758b8539694c) Importer(815301076,1909f56bfc062723c751e8b465ee728b)  -> (artifact id: '88b6e8a33f0654cbdbe391a1de04aa15') in 0.026362 seconds
Number of updated asset objects reloaded before import = 0
Number of asset objects unloaded after import = 2
========================================================================
Received Import Request.
  Time since last request: 17.596230 seconds.
  path: Assets/Models/Red Panda Floof/Materials/Atlas_00001 1.mat
  artifactKey: Guid(8498586deee4bf24ba99af08b45ca8c0) Importer(815301076,1909f56bfc062723c751e8b465ee728b)
Start importing Assets/Models/Red Panda Floof/Materials/Atlas_00001 1.mat using Guid(8498586deee4bf24ba99af08b45ca8c0) Importer(815301076,1909f56bfc062723c751e8b465ee728b)  -> (artifact id: 'a330884b2778a9272b27364b5984b426') in 0.028646 seconds
Number of updated asset objects reloaded before import = 0
Number of asset objects unloaded after import = 2
========================================================================
Received Import Request.
  Time since last request: 9.502890 seconds.
  path: Assets/Models/Red Panda Floof/Materials/Q_Atlas_00001 1.mat
  artifactKey: Guid(8498586deee4bf24ba99af08b45ca8c0) Importer(815301076,1909f56bfc062723c751e8b465ee728b)
Start importing Assets/Models/Red Panda Floof/Materials/Q_Atlas_00001 1.mat using Guid(8498586deee4bf24ba99af08b45ca8c0) Importer(815301076,1909f56bfc062723c751e8b465ee728b)  -> (artifact id: '5971d6e11c412b6d87ab25b435375733') in 0.027593 seconds
Number of updated asset objects reloaded before import = 0
Number of asset objects unloaded after import = 2
========================================================================
Received Import Request.
  Time since last request: 49.576881 seconds.
  path: Assets/Models/Red Panda Floof/Materials/Q_Atlas_00001 1.mat
  artifactKey: Guid(8498586deee4bf24ba99af08b45ca8c0) Importer(815301076,1909f56bfc062723c751e8b465ee728b)
Start importing Assets/Models/Red Panda Floof/Materials/Q_Atlas_00001 1.mat using Guid(8498586deee4bf24ba99af08b45ca8c0) Importer(815301076,1909f56bfc062723c751e8b465ee728b)  -> (artifact id: 'bbdf6f5fc7528d06c7d44c9958a39f85') in 0.222398 seconds
Number of updated asset objects reloaded before import = 0
Number of asset objects unloaded after import = 3
