
=== Sun Dec 17 17:01:30 2023

Packages were changed.
Update Mode: updateDependencies

The following packages were added:
  com.unity.ai.navigation@1.1.4
The following packages were updated:
  com.unity.collab-proxy from version 1.6.0 to 2.0.5
  com.unity.ide.rider from version 1.2.1 to 3.0.24
  com.unity.ide.visualstudio from version 2.0.9 to 2.0.18
  com.unity.ide.vscode from version 1.2.3 to 1.2.5
  com.unity.test-framework from version 1.1.27 to 1.1.33
  com.unity.textmeshpro from version 2.1.6 to 3.0.6
  com.unity.timeline from version 1.2.18 to 1.7.5
The following packages were removed:
  com.unity.xr.oculus.android@2.38.6
  com.unity.xr.oculus.standalone@2.38.4
  com.unity.xr.openvr.standalone@2.0.5

=== Sun Dec 14 11:43:57 2025

Packages were changed.
Update Mode: updateDependencies

The following packages were updated:
  com.unity.ai.navigation from version 1.1.4 to 1.1.5
  com.unity.collab-proxy from version 2.0.5 to 2.3.1
  com.unity.ide.rider from version 3.0.24 to 3.0.28
  com.unity.ide.visualstudio from version 2.0.18 to 2.0.22
  com.unity.timeline from version 1.7.5 to 1.7.6
